<?xml version="1.0" encoding="UTF-8"?>
<testsuite xmlns:xsi="http://www.w3.org/2001/XMLSchema-instance" xsi:noNamespaceSchemaLocation="https://maven.apache.org/surefire/maven-surefire-plugin/xsd/surefire-test-report-3.0.xsd" version="3.0" name="This feature is validate create user endpoint to entry new user" time="5.84" tests="13" errors="0" skipped="0" failures="0">
  <properties>
    <property name="java.specification.version" value="14"/>
    <property name="sun.jnu.encoding" value="UTF-8"/>
    <property name="java.class.path" value="/Users/komalibotchu/Desktop/Data/rest-api-test/target/test-classes:/Users/komalibotchu/Desktop/Data/rest-api-test/target/classes:/Users/komalibotchu/.m2/repository/io/rest-assured/rest-assured/4.4.0/rest-assured-4.4.0.jar:/Users/komalibotchu/.m2/repository/org/codehaus/groovy/groovy/3.0.8/groovy-3.0.8.jar:/Users/komalibotchu/.m2/repository/org/codehaus/groovy/groovy-xml/3.0.8/groovy-xml-3.0.8.jar:/Users/komalibotchu/.m2/repository/org/apache/httpcomponents/httpclient/4.5.13/httpclient-4.5.13.jar:/Users/komalibotchu/.m2/repository/org/apache/httpcomponents/httpcore/4.4.13/httpcore-4.4.13.jar:/Users/komalibotchu/.m2/repository/commons-logging/commons-logging/1.2/commons-logging-1.2.jar:/Users/komalibotchu/.m2/repository/commons-codec/commons-codec/1.11/commons-codec-1.11.jar:/Users/komalibotchu/.m2/repository/org/apache/httpcomponents/httpmime/4.5.13/httpmime-4.5.13.jar:/Users/komalibotchu/.m2/repository/org/hamcrest/hamcrest/2.1/hamcrest-2.1.jar:/Users/komalibotchu/.m2/repository/org/ccil/cowan/tagsoup/tagsoup/1.2.1/tagsoup-1.2.1.jar:/Users/komalibotchu/.m2/repository/io/rest-assured/json-path/4.4.0/json-path-4.4.0.jar:/Users/komalibotchu/.m2/repository/org/codehaus/groovy/groovy-json/3.0.8/groovy-json-3.0.8.jar:/Users/komalibotchu/.m2/repository/io/rest-assured/rest-assured-common/4.4.0/rest-assured-common-4.4.0.jar:/Users/komalibotchu/.m2/repository/io/rest-assured/xml-path/4.4.0/xml-path-4.4.0.jar:/Users/komalibotchu/.m2/repository/jakarta/xml/bind/jakarta.xml.bind-api/2.3.3/jakarta.xml.bind-api-2.3.3.jar:/Users/komalibotchu/.m2/repository/jakarta/activation/jakarta.activation-api/1.2.2/jakarta.activation-api-1.2.2.jar:/Users/komalibotchu/.m2/repository/com/sun/xml/bind/jaxb-impl/2.3.3/jaxb-impl-2.3.3.jar:/Users/komalibotchu/.m2/repository/io/cucumber/cucumber-junit/6.8.0/cucumber-junit-6.8.0.jar:/Users/komalibotchu/.m2/repository/org/apiguardian/apiguardian-api/1.1.0/apiguardian-api-1.1.0.jar:/Users/komalibotchu/.m2/repository/io/cucumber/cucumber-core/6.8.0/cucumber-core-6.8.0.jar:/Users/komalibotchu/.m2/repository/io/cucumber/cucumber-gherkin/6.8.0/cucumber-gherkin-6.8.0.jar:/Users/komalibotchu/.m2/repository/io/cucumber/cucumber-gherkin-messages/6.8.0/cucumber-gherkin-messages-6.8.0.jar:/Users/komalibotchu/.m2/repository/io/cucumber/messages/13.1.0/messages-13.1.0.jar:/Users/komalibotchu/.m2/repository/io/cucumber/tag-expressions/3.0.0/tag-expressions-3.0.0.jar:/Users/komalibotchu/.m2/repository/io/cucumber/cucumber-expressions/10.3.0/cucumber-expressions-10.3.0.jar:/Users/komalibotchu/.m2/repository/io/cucumber/datatable/3.5.0/datatable-3.5.0.jar:/Users/komalibotchu/.m2/repository/io/cucumber/cucumber-plugin/6.8.0/cucumber-plugin-6.8.0.jar:/Users/komalibotchu/.m2/repository/io/cucumber/docstring/6.8.0/docstring-6.8.0.jar:/Users/komalibotchu/.m2/repository/io/cucumber/html-formatter/9.0.0/html-formatter-9.0.0.jar:/Users/komalibotchu/.m2/repository/io/cucumber/create-meta/2.0.2/create-meta-2.0.2.jar:/Users/komalibotchu/.m2/repository/junit/junit/4.13/junit-4.13.jar:/Users/komalibotchu/.m2/repository/io/cucumber/cucumber-java/6.8.0/cucumber-java-6.8.0.jar:/Users/komalibotchu/.m2/repository/org/hamcrest/hamcrest-all/1.3/hamcrest-all-1.3.jar:/Users/komalibotchu/.m2/repository/org/hamcrest/hamcrest-core/1.3/hamcrest-core-1.3.jar:/Users/komalibotchu/.m2/repository/com/fasterxml/jackson/core/jackson-databind/2.12.4/jackson-databind-2.12.4.jar:/Users/komalibotchu/.m2/repository/com/fasterxml/jackson/core/jackson-annotations/2.12.4/jackson-annotations-2.12.4.jar:/Users/komalibotchu/.m2/repository/com/fasterxml/jackson/core/jackson-core/2.12.4/jackson-core-2.12.4.jar:/Users/komalibotchu/.m2/repository/org/apache/commons/commons-lang3/3.11/commons-lang3-3.11.jar:"/>
    <property name="java.vm.vendor" value="Oracle Corporation"/>
    <property name="sun.arch.data.model" value="64"/>
    <property name="java.vendor.url" value="https://java.oracle.com/"/>
    <property name="user.timezone" value="Europe/London"/>
    <property name="os.name" value="Mac OS X"/>
    <property name="java.vm.specification.version" value="14"/>
    <property name="sun.java.launcher" value="SUN_STANDARD"/>
    <property name="user.country" value="GB"/>
    <property name="sun.boot.library.path" value="/Library/Java/JavaVirtualMachines/jdk-14.jdk/Contents/Home/lib"/>
    <property name="sun.java.command" value="/Users/komalibotchu/Desktop/Data/rest-api-test/target/surefire/surefirebooter4574272016316451983.jar /Users/komalibotchu/Desktop/Data/rest-api-test/target/surefire 2021-08-02T10-30-21_194-jvmRun1 surefire4139885639416593877tmp surefire_014502011165238867460tmp"/>
    <property name="http.nonProxyHosts" value="local|*.local|169.254/16|*.169.254/16"/>
    <property name="jdk.debug" value="release"/>
    <property name="surefire.test.class.path" value="/Users/komalibotchu/Desktop/Data/rest-api-test/target/test-classes:/Users/komalibotchu/Desktop/Data/rest-api-test/target/classes:/Users/komalibotchu/.m2/repository/io/rest-assured/rest-assured/4.4.0/rest-assured-4.4.0.jar:/Users/komalibotchu/.m2/repository/org/codehaus/groovy/groovy/3.0.8/groovy-3.0.8.jar:/Users/komalibotchu/.m2/repository/org/codehaus/groovy/groovy-xml/3.0.8/groovy-xml-3.0.8.jar:/Users/komalibotchu/.m2/repository/org/apache/httpcomponents/httpclient/4.5.13/httpclient-4.5.13.jar:/Users/komalibotchu/.m2/repository/org/apache/httpcomponents/httpcore/4.4.13/httpcore-4.4.13.jar:/Users/komalibotchu/.m2/repository/commons-logging/commons-logging/1.2/commons-logging-1.2.jar:/Users/komalibotchu/.m2/repository/commons-codec/commons-codec/1.11/commons-codec-1.11.jar:/Users/komalibotchu/.m2/repository/org/apache/httpcomponents/httpmime/4.5.13/httpmime-4.5.13.jar:/Users/komalibotchu/.m2/repository/org/hamcrest/hamcrest/2.1/hamcrest-2.1.jar:/Users/komalibotchu/.m2/repository/org/ccil/cowan/tagsoup/tagsoup/1.2.1/tagsoup-1.2.1.jar:/Users/komalibotchu/.m2/repository/io/rest-assured/json-path/4.4.0/json-path-4.4.0.jar:/Users/komalibotchu/.m2/repository/org/codehaus/groovy/groovy-json/3.0.8/groovy-json-3.0.8.jar:/Users/komalibotchu/.m2/repository/io/rest-assured/rest-assured-common/4.4.0/rest-assured-common-4.4.0.jar:/Users/komalibotchu/.m2/repository/io/rest-assured/xml-path/4.4.0/xml-path-4.4.0.jar:/Users/komalibotchu/.m2/repository/jakarta/xml/bind/jakarta.xml.bind-api/2.3.3/jakarta.xml.bind-api-2.3.3.jar:/Users/komalibotchu/.m2/repository/jakarta/activation/jakarta.activation-api/1.2.2/jakarta.activation-api-1.2.2.jar:/Users/komalibotchu/.m2/repository/com/sun/xml/bind/jaxb-impl/2.3.3/jaxb-impl-2.3.3.jar:/Users/komalibotchu/.m2/repository/io/cucumber/cucumber-junit/6.8.0/cucumber-junit-6.8.0.jar:/Users/komalibotchu/.m2/repository/org/apiguardian/apiguardian-api/1.1.0/apiguardian-api-1.1.0.jar:/Users/komalibotchu/.m2/repository/io/cucumber/cucumber-core/6.8.0/cucumber-core-6.8.0.jar:/Users/komalibotchu/.m2/repository/io/cucumber/cucumber-gherkin/6.8.0/cucumber-gherkin-6.8.0.jar:/Users/komalibotchu/.m2/repository/io/cucumber/cucumber-gherkin-messages/6.8.0/cucumber-gherkin-messages-6.8.0.jar:/Users/komalibotchu/.m2/repository/io/cucumber/messages/13.1.0/messages-13.1.0.jar:/Users/komalibotchu/.m2/repository/io/cucumber/tag-expressions/3.0.0/tag-expressions-3.0.0.jar:/Users/komalibotchu/.m2/repository/io/cucumber/cucumber-expressions/10.3.0/cucumber-expressions-10.3.0.jar:/Users/komalibotchu/.m2/repository/io/cucumber/datatable/3.5.0/datatable-3.5.0.jar:/Users/komalibotchu/.m2/repository/io/cucumber/cucumber-plugin/6.8.0/cucumber-plugin-6.8.0.jar:/Users/komalibotchu/.m2/repository/io/cucumber/docstring/6.8.0/docstring-6.8.0.jar:/Users/komalibotchu/.m2/repository/io/cucumber/html-formatter/9.0.0/html-formatter-9.0.0.jar:/Users/komalibotchu/.m2/repository/io/cucumber/create-meta/2.0.2/create-meta-2.0.2.jar:/Users/komalibotchu/.m2/repository/junit/junit/4.13/junit-4.13.jar:/Users/komalibotchu/.m2/repository/io/cucumber/cucumber-java/6.8.0/cucumber-java-6.8.0.jar:/Users/komalibotchu/.m2/repository/org/hamcrest/hamcrest-all/1.3/hamcrest-all-1.3.jar:/Users/komalibotchu/.m2/repository/org/hamcrest/hamcrest-core/1.3/hamcrest-core-1.3.jar:/Users/komalibotchu/.m2/repository/com/fasterxml/jackson/core/jackson-databind/2.12.4/jackson-databind-2.12.4.jar:/Users/komalibotchu/.m2/repository/com/fasterxml/jackson/core/jackson-annotations/2.12.4/jackson-annotations-2.12.4.jar:/Users/komalibotchu/.m2/repository/com/fasterxml/jackson/core/jackson-core/2.12.4/jackson-core-2.12.4.jar:/Users/komalibotchu/.m2/repository/org/apache/commons/commons-lang3/3.11/commons-lang3-3.11.jar:"/>
    <property name="sun.cpu.endian" value="little"/>
    <property name="user.home" value="/Users/komalibotchu"/>
    <property name="profile" value="e1"/>
    <property name="user.language" value="en"/>
    <property name="java.specification.vendor" value="Oracle Corporation"/>
    <property name="java.version.date" value="2020-03-17"/>
    <property name="java.home" value="/Library/Java/JavaVirtualMachines/jdk-14.jdk/Contents/Home"/>
    <property name="file.separator" value="/"/>
    <property name="basedir" value="/Users/komalibotchu/Desktop/Data/rest-api-test"/>
    <property name="java.vm.compressedOopsMode" value="Zero based"/>
    <property name="line.separator" value="&#10;"/>
    <property name="java.vm.specification.vendor" value="Oracle Corporation"/>
    <property name="java.specification.name" value="Java Platform API Specification"/>
    <property name="surefire.real.class.path" value="/Users/komalibotchu/Desktop/Data/rest-api-test/target/surefire/surefirebooter4574272016316451983.jar"/>
    <property name="sun.management.compiler" value="HotSpot 64-Bit Tiered Compilers"/>
    <property name="ftp.nonProxyHosts" value="local|*.local|169.254/16|*.169.254/16"/>
    <property name="java.runtime.version" value="14+36-1461"/>
    <property name="user.name" value="komalibotchu"/>
    <property name="path.separator" value=":"/>
    <property name="os.version" value="10.11.6"/>
    <property name="java.runtime.name" value="Java(TM) SE Runtime Environment"/>
    <property name="file.encoding" value="UTF-8"/>
    <property name="java.vm.name" value="Java HotSpot(TM) 64-Bit Server VM"/>
    <property name="localRepository" value="/Users/komalibotchu/.m2/repository"/>
    <property name="java.vendor.url.bug" value="https://bugreport.java.com/bugreport/"/>
    <property name="java.io.tmpdir" value="/var/folders/nh/rhnhtmxj15b_7jsfkkkrvz1h0000gn/T/"/>
    <property name="java.version" value="14"/>
    <property name="cucumber.filter.tags" value="@allTests"/>
    <property name="user.dir" value="/Users/komalibotchu/Desktop/Data/rest-api-test"/>
    <property name="os.arch" value="x86_64"/>
    <property name="java.vm.specification.name" value="Java Virtual Machine Specification"/>
    <property name="java.library.path" value="/Users/komalibotchu/Library/Java/Extensions:/Library/Java/Extensions:/Network/Library/Java/Extensions:/System/Library/Java/Extensions:/usr/lib/java:."/>
    <property name="java.vm.info" value="mixed mode, sharing"/>
    <property name="java.vendor" value="Oracle Corporation"/>
    <property name="java.vm.version" value="14+36-1461"/>
    <property name="sun.io.unicode.encoding" value="UnicodeBig"/>
    <property name="socksNonProxyHosts" value="local|*.local|169.254/16|*.169.254/16"/>
    <property name="java.class.version" value="58.0"/>
  </properties>
  <testcase name="User calls the get user endpoint &quot;get response with default parameters&quot;" classname="This feature is to get User details" time="3.512">
    <system-out><![CDATA[
@allTests @get
Scenario Outline: User calls the get user endpoint "get response with default parameters" &amp#27;[90m# src/test/resources/features/get-users.feature:13&amp#27;[0m
  &amp#27;[32mGiven &amp#27;[0m&amp#27;[32mI am calling GET user endpoint to fetch data with &amp#27;[0m&amp#27;[32m&amp#27;[1m"all"&amp#27;[0m                           &amp#27;[90m# com.eo.rest.test.stepDefinitions.RestReqStepDefinitions.i_am_calling_get_user_endpoint_to_fetch_data_with(java.lang.String)&amp#27;[0m

    https://reqres.in/api/users

{
    "page": 1,
    "per_page": 6,
    "total": 12,
    "total_pages": 2,
    "data": [
        {
            "id": 1,
            "email": "george.bluth@reqres.in",
            "first_name": "George",
            "last_name": "Bluth",
            "avatar": "https://reqres.in/img/faces/1-image.jpg"
        },
        {
            "id": 2,
            "email": "janet.weaver@reqres.in",
            "first_name": "Janet",
            "last_name": "Weaver",
            "avatar": "https://reqres.in/img/faces/2-image.jpg"
        },
        {
            "id": 3,
            "email": "emma.wong@reqres.in",
            "first_name": "Emma",
            "last_name": "Wong",
            "avatar": "https://reqres.in/img/faces/3-image.jpg"
        },
        {
            "id": 4,
            "email": "eve.holt@reqres.in",
            "first_name": "Eve",
            "last_name": "Holt",
            "avatar": "https://reqres.in/img/faces/4-image.jpg"
        },
        {
            "id": 5,
            "email": "charles.morris@reqres.in",
            "first_name": "Charles",
            "last_name": "Morris",
            "avatar": "https://reqres.in/img/faces/5-image.jpg"
        },
        {
            "id": 6,
            "email": "tracey.ramos@reqres.in",
            "first_name": "Tracey",
            "last_name": "Ramos",
            "avatar": "https://reqres.in/img/faces/6-image.jpg"
        }
    ],
    "support": {
        "url": "https://reqres.in/#support-heading",
        "text": "To keep ReqRes free, contributions towards server costs are appreciated!"
    }
}

    {
        "page": 1,
        "per_page": 6,
        "total": 12,
        "total_pages": 2,
        "data": [
            {
                "id": 1,
                "email": "george.bluth@reqres.in",
                "first_name": "George",
                "last_name": "Bluth",
                "avatar": "https://reqres.in/img/faces/1-image.jpg"
            },
            {
                "id": 2,
                "email": "janet.weaver@reqres.in",
                "first_name": "Janet",
                "last_name": "Weaver",
                "avatar": "https://reqres.in/img/faces/2-image.jpg"
            },
            {
                "id": 3,
                "email": "emma.wong@reqres.in",
                "first_name": "Emma",
                "last_name": "Wong",
                "avatar": "https://reqres.in/img/faces/3-image.jpg"
            },
            {
                "id": 4,
                "email": "eve.holt@reqres.in",
                "first_name": "Eve",
                "last_name": "Holt",
                "avatar": "https://reqres.in/img/faces/4-image.jpg"
            },
            {
                "id": 5,
                "email": "charles.morris@reqres.in",
                "first_name": "Charles",
                "last_name": "Morris",
                "avatar": "https://reqres.in/img/faces/5-image.jpg"
            },
            {
                "id": 6,
                "email": "tracey.ramos@reqres.in",
                "first_name": "Tracey",
                "last_name": "Ramos",
                "avatar": "https://reqres.in/img/faces/6-image.jpg"
            }
        ],
        "support": {
            "url": "https://reqres.in/#support-heading",
            "text": "To keep ReqRes free, contributions towards server costs are appreciated!"
        }
    }

  &amp#27;[32mWhen &amp#27;[0m&amp#27;[32mI called get the endpoint &amp#27;[0m&amp#27;[32m&amp#27;[1m"/users"&amp#27;[0m&amp#27;[32m with &amp#27;[0m&amp#27;[32m&amp#27;[1m"default"&amp#27;[0m                                  &amp#27;[90m# com.eo.rest.test.stepDefinitions.RestReqStepDefinitions.i_called_get_the_endpoint_with(java.lang.String,java.lang.String)&amp#27;[0m

    Status code: HTTP/1.1 200 OK

  &amp#27;[32mThen &amp#27;[0m&amp#27;[32mI should receive the status code is &amp#27;[0m&amp#27;[32m&amp#27;[1m200&amp#27;[0m                                            &amp#27;[90m# com.eo.rest.test.stepDefinitions.RestReqStepDefinitions.i_should_receive_the_status_code_is(java.lang.Integer)&amp#27;[0m
{
    "page": 1,
    "per_page": 6,
    "total": 12,
    "total_pages": 2,
    "data": [
        {
            "id": 1,
            "email": "george.bluth@reqres.in",
            "first_name": "George",
            "last_name": "Bluth",
            "avatar": "https://reqres.in/img/faces/1-image.jpg"
        },
        {
            "id": 2,
            "email": "janet.weaver@reqres.in",
            "first_name": "Janet",
            "last_name": "Weaver",
            "avatar": "https://reqres.in/img/faces/2-image.jpg"
        },
        {
            "id": 3,
            "email": "emma.wong@reqres.in",
            "first_name": "Emma",
            "last_name": "Wong",
            "avatar": "https://reqres.in/img/faces/3-image.jpg"
        },
        {
            "id": 4,
            "email": "eve.holt@reqres.in",
            "first_name": "Eve",
            "last_name": "Holt",
            "avatar": "https://reqres.in/img/faces/4-image.jpg"
        },
        {
            "id": 5,
            "email": "charles.morris@reqres.in",
            "first_name": "Charles",
            "last_name": "Morris",
            "avatar": "https://reqres.in/img/faces/5-image.jpg"
        },
        {
            "id": 6,
            "email": "tracey.ramos@reqres.in",
            "first_name": "Tracey",
            "last_name": "Ramos",
            "avatar": "https://reqres.in/img/faces/6-image.jpg"
        }
    ],
    "support": {
        "url": "https://reqres.in/#support-heading",
        "text": "To keep ReqRes free, contributions towards server costs are appreciated!"
    }
}
  &amp#27;[32mAnd &amp#27;[0m&amp#27;[32mshould return data based on page&amp#27;[0m                                                    &amp#27;[90m# com.eo.rest.test.stepDefinitions.RestReqStepDefinitions.should_return_data_based_on_page()&amp#27;[0m
]]></system-out>
  </testcase>
  <testcase name="User calls the get user endpoint &quot;get response with high value in per_page&quot;" classname="This feature is to get User details" time="0.318">
    <system-out><![CDATA[
@allTests @get
Scenario Outline: User calls the get user endpoint "get response with high value in per_page" &amp#27;[90m# src/test/resources/features/get-users.feature:14&amp#27;[0m
  &amp#27;[32mGiven &amp#27;[0m&amp#27;[32mI am calling GET user endpoint to fetch data with &amp#27;[0m&amp#27;[32m&amp#27;[1m"all"&amp#27;[0m                               &amp#27;[90m# com.eo.rest.test.stepDefinitions.RestReqStepDefinitions.i_am_calling_get_user_endpoint_to_fetch_data_with(java.lang.String)&amp#27;[0m

    https://reqres.in/api/users

{
    "page": 1,
    "per_page": 999,
    "total": 12,
    "total_pages": 1,
    "data": [
        {
            "id": 1,
            "email": "george.bluth@reqres.in",
            "first_name": "George",
            "last_name": "Bluth",
            "avatar": "https://reqres.in/img/faces/1-image.jpg"
        },
        {
            "id": 2,
            "email": "janet.weaver@reqres.in",
            "first_name": "Janet",
            "last_name": "Weaver",
            "avatar": "https://reqres.in/img/faces/2-image.jpg"
        },
        {
            "id": 3,
            "email": "emma.wong@reqres.in",
            "first_name": "Emma",
            "last_name": "Wong",
            "avatar": "https://reqres.in/img/faces/3-image.jpg"
        },
        {
            "id": 4,
            "email": "eve.holt@reqres.in",
            "first_name": "Eve",
            "last_name": "Holt",
            "avatar": "https://reqres.in/img/faces/4-image.jpg"
        },
        {
            "id": 5,
            "email": "charles.morris@reqres.in",
            "first_name": "Charles",
            "last_name": "Morris",
            "avatar": "https://reqres.in/img/faces/5-image.jpg"
        },
        {
            "id": 6,
            "email": "tracey.ramos@reqres.in",
            "first_name": "Tracey",
            "last_name": "Ramos",
            "avatar": "https://reqres.in/img/faces/6-image.jpg"
        },
        {
            "id": 7,
            "email": "michael.lawson@reqres.in",
            "first_name": "Michael",
            "last_name": "Lawson",
            "avatar": "https://reqres.in/img/faces/7-image.jpg"
        },
        {
            "id": 8,
            "email": "lindsay.ferguson@reqres.in",
            "first_name": "Lindsay",
            "last_name": "Ferguson",
            "avatar": "https://reqres.in/img/faces/8-image.jpg"
        },
        {
            "id": 9,
            "email": "tobias.funke@reqres.in",
            "first_name": "Tobias",
            "last_name": "Funke",
            "avatar": "https://reqres.in/img/faces/9-image.jpg"
        },
        {
            "id": 10,
            "email": "byron.fields@reqres.in",
            "first_name": "Byron",
            "last_name": "Fields",
            "avatar": "https://reqres.in/img/faces/10-image.jpg"
        },
        {
            "id": 11,
            "email": "george.edwards@reqres.in",
            "first_name": "George",
            "last_name": "Edwards",
            "avatar": "https://reqres.in/img/faces/11-image.jpg"
        },
        {
            "id": 12,
            "email": "rachel.howell@reqres.in",
            "first_name": "Rachel",
            "last_name": "Howell",
            "avatar": "https://reqres.in/img/faces/12-image.jpg"
        }
    ],
    "support": {
        "url": "https://reqres.in/#support-heading",
        "text": "To keep ReqRes free, contributions towards server costs are appreciated!"
    }
}

    {
        "page": 1,
        "per_page": 999,
        "total": 12,
        "total_pages": 1,
        "data": [
            {
                "id": 1,
                "email": "george.bluth@reqres.in",
                "first_name": "George",
                "last_name": "Bluth",
                "avatar": "https://reqres.in/img/faces/1-image.jpg"
            },
            {
                "id": 2,
                "email": "janet.weaver@reqres.in",
                "first_name": "Janet",
                "last_name": "Weaver",
                "avatar": "https://reqres.in/img/faces/2-image.jpg"
            },
            {
                "id": 3,
                "email": "emma.wong@reqres.in",
                "first_name": "Emma",
                "last_name": "Wong",
                "avatar": "https://reqres.in/img/faces/3-image.jpg"
            },
            {
                "id": 4,
                "email": "eve.holt@reqres.in",
                "first_name": "Eve",
                "last_name": "Holt",
                "avatar": "https://reqres.in/img/faces/4-image.jpg"
            },
            {
                "id": 5,
                "email": "charles.morris@reqres.in",
                "first_name": "Charles",
                "last_name": "Morris",
                "avatar": "https://reqres.in/img/faces/5-image.jpg"
            },
            {
                "id": 6,
                "email": "tracey.ramos@reqres.in",
                "first_name": "Tracey",
                "last_name": "Ramos",
                "avatar": "https://reqres.in/img/faces/6-image.jpg"
            },
            {
                "id": 7,
                "email": "michael.lawson@reqres.in",
                "first_name": "Michael",
                "last_name": "Lawson",
                "avatar": "https://reqres.in/img/faces/7-image.jpg"
            },
            {
                "id": 8,
                "email": "lindsay.ferguson@reqres.in",
                "first_name": "Lindsay",
                "last_name": "Ferguson",
                "avatar": "https://reqres.in/img/faces/8-image.jpg"
            },
            {
                "id": 9,
                "email": "tobias.funke@reqres.in",
                "first_name": "Tobias",
                "last_name": "Funke",
                "avatar": "https://reqres.in/img/faces/9-image.jpg"
            },
            {
                "id": 10,
                "email": "byron.fields@reqres.in",
                "first_name": "Byron",
                "last_name": "Fields",
                "avatar": "https://reqres.in/img/faces/10-image.jpg"
            },
            {
                "id": 11,
                "email": "george.edwards@reqres.in",
                "first_name": "George",
                "last_name": "Edwards",
                "avatar": "https://reqres.in/img/faces/11-image.jpg"
            },
            {
                "id": 12,
                "email": "rachel.howell@reqres.in",
                "first_name": "Rachel",
                "last_name": "Howell",
                "avatar": "https://reqres.in/img/faces/12-image.jpg"
            }
        ],
        "support": {
            "url": "https://reqres.in/#support-heading",
            "text": "To keep ReqRes free, contributions towards server costs are appreciated!"
        }
    }

  &amp#27;[32mWhen &amp#27;[0m&amp#27;[32mI called get the endpoint &amp#27;[0m&amp#27;[32m&amp#27;[1m"/users"&amp#27;[0m&amp#27;[32m with &amp#27;[0m&amp#27;[32m&amp#27;[1m"max"&amp#27;[0m                                          &amp#27;[90m# com.eo.rest.test.stepDefinitions.RestReqStepDefinitions.i_called_get_the_endpoint_with(java.lang.String,java.lang.String)&amp#27;[0m

    Status code: HTTP/1.1 200 OK

  &amp#27;[32mThen &amp#27;[0m&amp#27;[32mI should receive the status code is &amp#27;[0m&amp#27;[32m&amp#27;[1m200&amp#27;[0m                                                &amp#27;[90m# com.eo.rest.test.stepDefinitions.RestReqStepDefinitions.i_should_receive_the_status_code_is(java.lang.Integer)&amp#27;[0m
{
    "page": 1,
    "per_page": 999,
    "total": 12,
    "total_pages": 1,
    "data": [
        {
            "id": 1,
            "email": "george.bluth@reqres.in",
            "first_name": "George",
            "last_name": "Bluth",
            "avatar": "https://reqres.in/img/faces/1-image.jpg"
        },
        {
            "id": 2,
            "email": "janet.weaver@reqres.in",
            "first_name": "Janet",
            "last_name": "Weaver",
            "avatar": "https://reqres.in/img/faces/2-image.jpg"
        },
        {
            "id": 3,
            "email": "emma.wong@reqres.in",
            "first_name": "Emma",
            "last_name": "Wong",
            "avatar": "https://reqres.in/img/faces/3-image.jpg"
        },
        {
            "id": 4,
            "email": "eve.holt@reqres.in",
            "first_name": "Eve",
            "last_name": "Holt",
            "avatar": "https://reqres.in/img/faces/4-image.jpg"
        },
        {
            "id": 5,
            "email": "charles.morris@reqres.in",
            "first_name": "Charles",
            "last_name": "Morris",
            "avatar": "https://reqres.in/img/faces/5-image.jpg"
        },
        {
            "id": 6,
            "email": "tracey.ramos@reqres.in",
            "first_name": "Tracey",
            "last_name": "Ramos",
            "avatar": "https://reqres.in/img/faces/6-image.jpg"
        },
        {
            "id": 7,
            "email": "michael.lawson@reqres.in",
            "first_name": "Michael",
            "last_name": "Lawson",
            "avatar": "https://reqres.in/img/faces/7-image.jpg"
        },
        {
            "id": 8,
            "email": "lindsay.ferguson@reqres.in",
            "first_name": "Lindsay",
            "last_name": "Ferguson",
            "avatar": "https://reqres.in/img/faces/8-image.jpg"
        },
        {
            "id": 9,
            "email": "tobias.funke@reqres.in",
            "first_name": "Tobias",
            "last_name": "Funke",
            "avatar": "https://reqres.in/img/faces/9-image.jpg"
        },
        {
            "id": 10,
            "email": "byron.fields@reqres.in",
            "first_name": "Byron",
            "last_name": "Fields",
            "avatar": "https://reqres.in/img/faces/10-image.jpg"
        },
        {
            "id": 11,
            "email": "george.edwards@reqres.in",
            "first_name": "George",
            "last_name": "Edwards",
            "avatar": "https://reqres.in/img/faces/11-image.jpg"
        },
        {
            "id": 12,
            "email": "rachel.howell@reqres.in",
            "first_name": "Rachel",
            "last_name": "Howell",
            "avatar": "https://reqres.in/img/faces/12-image.jpg"
        }
    ],
    "support": {
        "url": "https://reqres.in/#support-heading",
        "text": "To keep ReqRes free, contributions towards server costs are appreciated!"
    }
}
  &amp#27;[32mAnd &amp#27;[0m&amp#27;[32mshould return data based on page&amp#27;[0m                                                        &amp#27;[90m# com.eo.rest.test.stepDefinitions.RestReqStepDefinitions.should_return_data_based_on_page()&amp#27;[0m
]]></system-out>
  </testcase>
  <testcase name="User calls the get user endpoint &quot;get response with 1 per page&quot;" classname="This feature is to get User details" time="0.195">
    <system-out><![CDATA[
@allTests @get
Scenario Outline: User calls the get user endpoint "get response with 1 per page" &amp#27;[90m# src/test/resources/features/get-users.feature:15&amp#27;[0m
  &amp#27;[32mGiven &amp#27;[0m&amp#27;[32mI am calling GET user endpoint to fetch data with &amp#27;[0m&amp#27;[32m&amp#27;[1m"all"&amp#27;[0m                   &amp#27;[90m# com.eo.rest.test.stepDefinitions.RestReqStepDefinitions.i_am_calling_get_user_endpoint_to_fetch_data_with(java.lang.String)&amp#27;[0m

    https://reqres.in/api/users

{
    "page": 1,
    "per_page": 1,
    "total": 12,
    "total_pages": 12,
    "data": [
        {
            "id": 1,
            "email": "george.bluth@reqres.in",
            "first_name": "George",
            "last_name": "Bluth",
            "avatar": "https://reqres.in/img/faces/1-image.jpg"
        }
    ],
    "support": {
        "url": "https://reqres.in/#support-heading",
        "text": "To keep ReqRes free, contributions towards server costs are appreciated!"
    }
}

    {
        "page": 1,
        "per_page": 1,
        "total": 12,
        "total_pages": 12,
        "data": [
            {
                "id": 1,
                "email": "george.bluth@reqres.in",
                "first_name": "George",
                "last_name": "Bluth",
                "avatar": "https://reqres.in/img/faces/1-image.jpg"
            }
        ],
        "support": {
            "url": "https://reqres.in/#support-heading",
            "text": "To keep ReqRes free, contributions towards server costs are appreciated!"
        }
    }

  &amp#27;[32mWhen &amp#27;[0m&amp#27;[32mI called get the endpoint &amp#27;[0m&amp#27;[32m&amp#27;[1m"/users"&amp#27;[0m&amp#27;[32m with &amp#27;[0m&amp#27;[32m&amp#27;[1m"1"&amp#27;[0m                                &amp#27;[90m# com.eo.rest.test.stepDefinitions.RestReqStepDefinitions.i_called_get_the_endpoint_with(java.lang.String,java.lang.String)&amp#27;[0m

    Status code: HTTP/1.1 200 OK

  &amp#27;[32mThen &amp#27;[0m&amp#27;[32mI should receive the status code is &amp#27;[0m&amp#27;[32m&amp#27;[1m200&amp#27;[0m                                    &amp#27;[90m# com.eo.rest.test.stepDefinitions.RestReqStepDefinitions.i_should_receive_the_status_code_is(java.lang.Integer)&amp#27;[0m
{
    "page": 1,
    "per_page": 1,
    "total": 12,
    "total_pages": 12,
    "data": [
        {
            "id": 1,
            "email": "george.bluth@reqres.in",
            "first_name": "George",
            "last_name": "Bluth",
            "avatar": "https://reqres.in/img/faces/1-image.jpg"
        }
    ],
    "support": {
        "url": "https://reqres.in/#support-heading",
        "text": "To keep ReqRes free, contributions towards server costs are appreciated!"
    }
}
  &amp#27;[32mAnd &amp#27;[0m&amp#27;[32mshould return data based on page&amp#27;[0m                                            &amp#27;[90m# com.eo.rest.test.stepDefinitions.RestReqStepDefinitions.should_return_data_based_on_page()&amp#27;[0m
]]></system-out>
  </testcase>
  <testcase name="User calls the get user endpoint &quot;get all users&quot;" classname="This feature is to get User details" time="0.194">
    <system-out><![CDATA[
@allTests @get
Scenario Outline: User calls the get user endpoint "get all users" &amp#27;[90m# src/test/resources/features/get-users.feature:26&amp#27;[0m
  &amp#27;[32mGiven &amp#27;[0m&amp#27;[32mI am calling GET user endpoint to fetch data with &amp#27;[0m&amp#27;[32m&amp#27;[1m"3"&amp#27;[0m      &amp#27;[90m# com.eo.rest.test.stepDefinitions.RestReqStepDefinitions.i_am_calling_get_user_endpoint_to_fetch_data_with(java.lang.String)&amp#27;[0m

    https://reqres.in/api/users

{
    "data": {
        "id": 3,
        "email": "emma.wong@reqres.in",
        "first_name": "Emma",
        "last_name": "Wong",
        "avatar": "https://reqres.in/img/faces/3-image.jpg"
    },
    "support": {
        "url": "https://reqres.in/#support-heading",
        "text": "To keep ReqRes free, contributions towards server costs are appreciated!"
    }
}

    {
        "data": {
            "id": 3,
            "email": "emma.wong@reqres.in",
            "first_name": "Emma",
            "last_name": "Wong",
            "avatar": "https://reqres.in/img/faces/3-image.jpg"
        },
        "support": {
            "url": "https://reqres.in/#support-heading",
            "text": "To keep ReqRes free, contributions towards server costs are appreciated!"
        }
    }

  &amp#27;[32mWhen &amp#27;[0m&amp#27;[32mI called get the endpoint &amp#27;[0m&amp#27;[32m&amp#27;[1m"/users"&amp#27;[0m                          &amp#27;[90m# com.eo.rest.test.stepDefinitions.RestReqStepDefinitions.i_called_get_the_endpoint(java.lang.String)&amp#27;[0m

    Status code: HTTP/1.1 200 OK

  &amp#27;[32mThen &amp#27;[0m&amp#27;[32mI should receive the status code is &amp#27;[0m&amp#27;[32m&amp#27;[1m200&amp#27;[0m                     &amp#27;[90m# com.eo.rest.test.stepDefinitions.RestReqStepDefinitions.i_should_receive_the_status_code_is(java.lang.Integer)&amp#27;[0m
{
    "data": {
        "id": 3,
        "email": "emma.wong@reqres.in",
        "first_name": "Emma",
        "last_name": "Wong",
        "avatar": "https://reqres.in/img/faces/3-image.jpg"
    },
    "support": {
        "url": "https://reqres.in/#support-heading",
        "text": "To keep ReqRes free, contributions towards server costs are appreciated!"
    }
}
  &amp#27;[32mAnd &amp#27;[0m&amp#27;[32mshould return the user details associated with the id&amp#27;[0m        &amp#27;[90m# com.eo.rest.test.stepDefinitions.RestReqStepDefinitions.should_return_the_user_details_associated_with_the_id()&amp#27;[0m
]]></system-out>
  </testcase>
  <testcase name="User calls the get user endpoint &quot;get all users with non existing id&quot;" classname="This feature is to get User details" time="0.161">
    <system-out><![CDATA[
@allTests @get
Scenario Outline: User calls the get user endpoint "get all users with non existing id" &amp#27;[90m# src/test/resources/features/get-users.feature:36&amp#27;[0m
  &amp#27;[32mGiven &amp#27;[0m&amp#27;[32mI am calling GET user endpoint to fetch data with &amp#27;[0m&amp#27;[32m&amp#27;[1m"189"&amp#27;[0m                         &amp#27;[90m# com.eo.rest.test.stepDefinitions.RestReqStepDefinitions.i_am_calling_get_user_endpoint_to_fetch_data_with(java.lang.String)&amp#27;[0m

    https://reqres.in/api/users

{
    
}

    {
        
    }

  &amp#27;[32mWhen &amp#27;[0m&amp#27;[32mI called get the endpoint &amp#27;[0m&amp#27;[32m&amp#27;[1m"/users"&amp#27;[0m                                               &amp#27;[90m# com.eo.rest.test.stepDefinitions.RestReqStepDefinitions.i_called_get_the_endpoint(java.lang.String)&amp#27;[0m

    Status code: HTTP/1.1 404 Not Found

  &amp#27;[32mThen &amp#27;[0m&amp#27;[32mI should receive the status code is &amp#27;[0m&amp#27;[32m&amp#27;[1m404&amp#27;[0m                                          &amp#27;[90m# com.eo.rest.test.stepDefinitions.RestReqStepDefinitions.i_should_receive_the_status_code_is(java.lang.Integer)&amp#27;[0m
]]></system-out>
  </testcase>
  <testcase name="User calls the get user endpoint &quot;get all users with invalid id&quot; #1" classname="This feature is to get User details" time="0.147">
    <system-out><![CDATA[
@allTests @get
Scenario Outline: User calls the get user endpoint "get all users with invalid id" &amp#27;[90m# src/test/resources/features/get-users.feature:37&amp#27;[0m
  &amp#27;[32mGiven &amp#27;[0m&amp#27;[32mI am calling GET user endpoint to fetch data with &amp#27;[0m&amp#27;[32m&amp#27;[1m"3*5"&amp#27;[0m                    &amp#27;[90m# com.eo.rest.test.stepDefinitions.RestReqStepDefinitions.i_am_calling_get_user_endpoint_to_fetch_data_with(java.lang.String)&amp#27;[0m

    https://reqres.in/api/users

{
    
}

    {
        
    }

  &amp#27;[32mWhen &amp#27;[0m&amp#27;[32mI called get the endpoint &amp#27;[0m&amp#27;[32m&amp#27;[1m"/users"&amp#27;[0m                                          &amp#27;[90m# com.eo.rest.test.stepDefinitions.RestReqStepDefinitions.i_called_get_the_endpoint(java.lang.String)&amp#27;[0m

    Status code: HTTP/1.1 404 Not Found

  &amp#27;[32mThen &amp#27;[0m&amp#27;[32mI should receive the status code is &amp#27;[0m&amp#27;[32m&amp#27;[1m404&amp#27;[0m                                     &amp#27;[90m# com.eo.rest.test.stepDefinitions.RestReqStepDefinitions.i_should_receive_the_status_code_is(java.lang.Integer)&amp#27;[0m
]]></system-out>
  </testcase>
  <testcase name="User calls the get user endpoint &quot;get all users with invalid id&quot; #2" classname="This feature is to get User details" time="0.161">
    <system-out><![CDATA[
@allTests @get
Scenario Outline: User calls the get user endpoint "get all users with invalid id" &amp#27;[90m# src/test/resources/features/get-users.feature:38&amp#27;[0m
  &amp#27;[32mGiven &amp#27;[0m&amp#27;[32mI am calling GET user endpoint to fetch data with &amp#27;[0m&amp#27;[32m&amp#27;[1m"3*5&"&amp#27;[0m                   &amp#27;[90m# com.eo.rest.test.stepDefinitions.RestReqStepDefinitions.i_am_calling_get_user_endpoint_to_fetch_data_with(java.lang.String)&amp#27;[0m

    https://reqres.in/api/users

{
    
}

    {
        
    }

  &amp#27;[32mWhen &amp#27;[0m&amp#27;[32mI called get the endpoint &amp#27;[0m&amp#27;[32m&amp#27;[1m"/users"&amp#27;[0m                                          &amp#27;[90m# com.eo.rest.test.stepDefinitions.RestReqStepDefinitions.i_called_get_the_endpoint(java.lang.String)&amp#27;[0m

    Status code: HTTP/1.1 404 Not Found

  &amp#27;[32mThen &amp#27;[0m&amp#27;[32mI should receive the status code is &amp#27;[0m&amp#27;[32m&amp#27;[1m404&amp#27;[0m                                     &amp#27;[90m# com.eo.rest.test.stepDefinitions.RestReqStepDefinitions.i_should_receive_the_status_code_is(java.lang.Integer)&amp#27;[0m
]]></system-out>
  </testcase>
  <testcase name="User calls the API to entry new user &quot;Create user with name and job&quot;" classname="This feature is validate create user endpoint to entry new user" time="0.258">
    <system-out><![CDATA[
@allTests @post
Scenario Outline: User calls the API to entry new user "Create user with name and job" &amp#27;[90m# src/test/resources/features/post-users.feature:15&amp#27;[0m

    Request Body ::
    {"name":"morpheus","job":"leader"}

  &amp#27;[32mGiven &amp#27;[0m&amp#27;[32mI have provided information as below&amp#27;[0m                                           &amp#27;[90m# com.eo.rest.test.stepDefinitions.RestReqStepDefinitions.i_have_provided_information_as_below(io.cucumber.datatable.DataTable)&amp#27;[0m

    https://reqres.in/api/users

{
    "id": "843",
    "createdAt": "2021-08-02T09:30:28.177Z"
}

    {
        "id": "843",
        "createdAt": "2021-08-02T09:30:28.177Z"
    }

  &amp#27;[32mWhen &amp#27;[0m&amp#27;[32mI called the endpoint &amp#27;[0m&amp#27;[32m&amp#27;[1m"/users"&amp#27;[0m                                                  &amp#27;[90m# com.eo.rest.test.stepDefinitions.RestReqStepDefinitions.i_called_the_endpoint(java.lang.String)&amp#27;[0m

    Status code: HTTP/1.1 201 Created

  &amp#27;[32mThen &amp#27;[0m&amp#27;[32mI should receive the status code is &amp#27;[0m&amp#27;[32m&amp#27;[1m201&amp#27;[0m                                         &amp#27;[90m# com.eo.rest.test.stepDefinitions.RestReqStepDefinitions.i_should_receive_the_status_code_is(java.lang.Integer)&amp#27;[0m
{
    "id": "843",
    "createdAt": "2021-08-02T09:30:28.177Z"
}
  &amp#27;[32mAnd &amp#27;[0m&amp#27;[32mshould have expected return body&amp#27;[0m                                                 &amp#27;[90m# com.eo.rest.test.stepDefinitions.RestReqStepDefinitions.should_have_expected_return_body()&amp#27;[0m
]]></system-out>
  </testcase>
  <testcase name="User calls the API to entry new user &quot;Create user with spacial char in name&quot;" classname="This feature is validate create user endpoint to entry new user" time="0.165">
    <system-out><![CDATA[
@allTests @post
Scenario Outline: User calls the API to entry new user "Create user with spacial char in name" &amp#27;[90m# src/test/resources/features/post-users.feature:20&amp#27;[0m

    Request Body ::
    {"name":"mor£$%^&@*pheus","job":"leader"}

  &amp#27;[32mGiven &amp#27;[0m&amp#27;[32mI have provided information as below&amp#27;[0m                                                   &amp#27;[90m# com.eo.rest.test.stepDefinitions.RestReqStepDefinitions.i_have_provided_information_as_below(io.cucumber.datatable.DataTable)&amp#27;[0m

    https://reqres.in/api/users

{
    "id": "208",
    "createdAt": "2021-08-02T09:30:28.341Z"
}

    {
        "id": "208",
        "createdAt": "2021-08-02T09:30:28.341Z"
    }

  &amp#27;[32mWhen &amp#27;[0m&amp#27;[32mI called the endpoint &amp#27;[0m&amp#27;[32m&amp#27;[1m"/users"&amp#27;[0m                                                          &amp#27;[90m# com.eo.rest.test.stepDefinitions.RestReqStepDefinitions.i_called_the_endpoint(java.lang.String)&amp#27;[0m

    Status code: HTTP/1.1 201 Created

  &amp#27;[32mThen &amp#27;[0m&amp#27;[32mI should receive the status code is &amp#27;[0m&amp#27;[32m&amp#27;[1m201&amp#27;[0m                                                 &amp#27;[90m# com.eo.rest.test.stepDefinitions.RestReqStepDefinitions.i_should_receive_the_status_code_is(java.lang.Integer)&amp#27;[0m
{
    "id": "208",
    "createdAt": "2021-08-02T09:30:28.341Z"
}
  &amp#27;[32mAnd &amp#27;[0m&amp#27;[32mshould have expected return body&amp#27;[0m                                                         &amp#27;[90m# com.eo.rest.test.stepDefinitions.RestReqStepDefinitions.should_have_expected_return_body()&amp#27;[0m
]]></system-out>
  </testcase>
  <testcase name="User calls the API to entry new user &quot;Create user with spacial char in job&quot;" classname="This feature is validate create user endpoint to entry new user" time="0.139">
    <system-out><![CDATA[
@allTests @post
Scenario Outline: User calls the API to entry new user "Create user with spacial char in job" &amp#27;[90m# src/test/resources/features/post-users.feature:21&amp#27;[0m

    Request Body ::
    {"name":"mor£$%^&@*pheus","job":"le£$%^&@*ader"}

  &amp#27;[32mGiven &amp#27;[0m&amp#27;[32mI have provided information as below&amp#27;[0m                                                  &amp#27;[90m# com.eo.rest.test.stepDefinitions.RestReqStepDefinitions.i_have_provided_information_as_below(io.cucumber.datatable.DataTable)&amp#27;[0m

    https://reqres.in/api/users

{
    "id": "270",
    "createdAt": "2021-08-02T09:30:28.487Z"
}

    {
        "id": "270",
        "createdAt": "2021-08-02T09:30:28.487Z"
    }

  &amp#27;[32mWhen &amp#27;[0m&amp#27;[32mI called the endpoint &amp#27;[0m&amp#27;[32m&amp#27;[1m"/users"&amp#27;[0m                                                         &amp#27;[90m# com.eo.rest.test.stepDefinitions.RestReqStepDefinitions.i_called_the_endpoint(java.lang.String)&amp#27;[0m

    Status code: HTTP/1.1 201 Created

  &amp#27;[32mThen &amp#27;[0m&amp#27;[32mI should receive the status code is &amp#27;[0m&amp#27;[32m&amp#27;[1m201&amp#27;[0m                                                &amp#27;[90m# com.eo.rest.test.stepDefinitions.RestReqStepDefinitions.i_should_receive_the_status_code_is(java.lang.Integer)&amp#27;[0m
{
    "id": "270",
    "createdAt": "2021-08-02T09:30:28.487Z"
}
  &amp#27;[32mAnd &amp#27;[0m&amp#27;[32mshould have expected return body&amp#27;[0m                                                        &amp#27;[90m# com.eo.rest.test.stepDefinitions.RestReqStepDefinitions.should_have_expected_return_body()&amp#27;[0m
]]></system-out>
  </testcase>
  <testcase name="User calls the API to entry new user &quot;Create user without name&quot;" classname="This feature is validate create user endpoint to entry new user" time="0.147">
    <system-out><![CDATA[
@allTests @post
Scenario Outline: User calls the API to entry new user "Create user without name" &amp#27;[90m# src/test/resources/features/post-users.feature:22&amp#27;[0m

    Request Body ::
    {"job":"leader"}

  &amp#27;[32mGiven &amp#27;[0m&amp#27;[32mI have provided information as below&amp#27;[0m                                      &amp#27;[90m# com.eo.rest.test.stepDefinitions.RestReqStepDefinitions.i_have_provided_information_as_below(io.cucumber.datatable.DataTable)&amp#27;[0m

    https://reqres.in/api/users

{
    "id": "378",
    "createdAt": "2021-08-02T09:30:28.636Z"
}

    {
        "id": "378",
        "createdAt": "2021-08-02T09:30:28.636Z"
    }

  &amp#27;[32mWhen &amp#27;[0m&amp#27;[32mI called the endpoint &amp#27;[0m&amp#27;[32m&amp#27;[1m"/users"&amp#27;[0m                                             &amp#27;[90m# com.eo.rest.test.stepDefinitions.RestReqStepDefinitions.i_called_the_endpoint(java.lang.String)&amp#27;[0m

    Status code: HTTP/1.1 201 Created

  &amp#27;[32mThen &amp#27;[0m&amp#27;[32mI should receive the status code is &amp#27;[0m&amp#27;[32m&amp#27;[1m201&amp#27;[0m                                    &amp#27;[90m# com.eo.rest.test.stepDefinitions.RestReqStepDefinitions.i_should_receive_the_status_code_is(java.lang.Integer)&amp#27;[0m
{
    "id": "378",
    "createdAt": "2021-08-02T09:30:28.636Z"
}
  &amp#27;[32mAnd &amp#27;[0m&amp#27;[32mshould have expected return body&amp#27;[0m                                            &amp#27;[90m# com.eo.rest.test.stepDefinitions.RestReqStepDefinitions.should_have_expected_return_body()&amp#27;[0m
]]></system-out>
  </testcase>
  <testcase name="User calls the API to entry new user &quot;Create user with job&quot;" classname="This feature is validate create user endpoint to entry new user" time="0.147">
    <system-out><![CDATA[
@allTests @post
Scenario Outline: User calls the API to entry new user "Create user with job" &amp#27;[90m# src/test/resources/features/post-users.feature:23&amp#27;[0m

    Request Body ::
    {"job":"leader"}

  &amp#27;[32mGiven &amp#27;[0m&amp#27;[32mI have provided information as below&amp#27;[0m                                  &amp#27;[90m# com.eo.rest.test.stepDefinitions.RestReqStepDefinitions.i_have_provided_information_as_below(io.cucumber.datatable.DataTable)&amp#27;[0m

    https://reqres.in/api/users

{
    "id": "586",
    "createdAt": "2021-08-02T09:30:28.784Z"
}

    {
        "id": "586",
        "createdAt": "2021-08-02T09:30:28.784Z"
    }

  &amp#27;[32mWhen &amp#27;[0m&amp#27;[32mI called the endpoint &amp#27;[0m&amp#27;[32m&amp#27;[1m"/users"&amp#27;[0m                                         &amp#27;[90m# com.eo.rest.test.stepDefinitions.RestReqStepDefinitions.i_called_the_endpoint(java.lang.String)&amp#27;[0m

    Status code: HTTP/1.1 201 Created

  &amp#27;[32mThen &amp#27;[0m&amp#27;[32mI should receive the status code is &amp#27;[0m&amp#27;[32m&amp#27;[1m201&amp#27;[0m                                &amp#27;[90m# com.eo.rest.test.stepDefinitions.RestReqStepDefinitions.i_should_receive_the_status_code_is(java.lang.Integer)&amp#27;[0m
{
    "id": "586",
    "createdAt": "2021-08-02T09:30:28.784Z"
}
  &amp#27;[32mAnd &amp#27;[0m&amp#27;[32mshould have expected return body&amp#27;[0m                                        &amp#27;[90m# com.eo.rest.test.stepDefinitions.RestReqStepDefinitions.should_have_expected_return_body()&amp#27;[0m
]]></system-out>
  </testcase>
  <testcase name="User calls the API to entry new user &quot;Create user without name and job&quot;" classname="This feature is validate create user endpoint to entry new user" time="0.171">
    <system-out><![CDATA[
@allTests @post
Scenario Outline: User calls the API to entry new user "Create user without name and job" &amp#27;[90m# src/test/resources/features/post-users.feature:24&amp#27;[0m

    Request Body ::
    {}

  &amp#27;[32mGiven &amp#27;[0m&amp#27;[32mI have provided information as below&amp#27;[0m                                              &amp#27;[90m# com.eo.rest.test.stepDefinitions.RestReqStepDefinitions.i_have_provided_information_as_below(io.cucumber.datatable.DataTable)&amp#27;[0m

    https://reqres.in/api/users

{
    "id": "707",
    "createdAt": "2021-08-02T09:30:28.951Z"
}

    {
        "id": "707",
        "createdAt": "2021-08-02T09:30:28.951Z"
    }

  &amp#27;[32mWhen &amp#27;[0m&amp#27;[32mI called the endpoint &amp#27;[0m&amp#27;[32m&amp#27;[1m"/users"&amp#27;[0m                                                     &amp#27;[90m# com.eo.rest.test.stepDefinitions.RestReqStepDefinitions.i_called_the_endpoint(java.lang.String)&amp#27;[0m

    Status code: HTTP/1.1 201 Created

  &amp#27;[32mThen &amp#27;[0m&amp#27;[32mI should receive the status code is &amp#27;[0m&amp#27;[32m&amp#27;[1m201&amp#27;[0m                                            &amp#27;[90m# com.eo.rest.test.stepDefinitions.RestReqStepDefinitions.i_should_receive_the_status_code_is(java.lang.Integer)&amp#27;[0m
{
    "id": "707",
    "createdAt": "2021-08-02T09:30:28.951Z"
}
  &amp#27;[32mAnd &amp#27;[0m&amp#27;[32mshould have expected return body&amp#27;[0m                                                    &amp#27;[90m# com.eo.rest.test.stepDefinitions.RestReqStepDefinitions.should_have_expected_return_body()&amp#27;[0m
]]></system-out>
  </testcase>
</testsuite>